<?xml version="1.0" encoding="UTF-8"?>
<testsuite xmlns:xsi="http://www.w3.org/2001/XMLSchema-instance" xsi:noNamespaceSchemaLocation="https://maven.apache.org/surefire/maven-surefire-plugin/xsd/surefire-test-report-3.0.xsd" version="3.0" name="webtest.WebTestApplicationTests" time="3.073" tests="1" errors="0" skipped="0" failures="0">
  <properties>
[...]
</properties>
  <testcase name="contextLoads" classname="webtest.WebTestApplicationTests" time="0.78">
    <system-out><![CDATA[21:57:21.850 [main] INFO org.springframework.test.context.support.AnnotationConfigContextLoaderUtils -- Could not detect default configuration classes for test class [webtest.WebTestApplicationTests]: WebTestApplicationTests does not declare any static, non-private, non-final, nested classes annotated with @Configuration.
21:57:21.955 [main] INFO org.springframework.boot.test.context.SpringBootTestContextBootstrapper -- Found @SpringBootConfiguration webtest.WebTestApplication for test class webtest.WebTestApplicationTests

  .   ____          _            __ _ _
 /\\ / ___'_ __ _ _(_)_ __  __ _ \ \ \ \
( ( )\___ | '_ | '_| | '_ \/ _` | \ \ \ \
 \\/  ___)| |_)| | | | | || (_| |  ) ) ) )
  '  |____| .__|_| |_|_| |_\__, | / / / /
 =========|_|==============|___/=/_/_/_/
 :: Spring Boot ::                (v3.2.5)

2024-04-22T21:57:22.384+08:00  INFO 15972 --- [spring-mybatis] [           main] webtest.WebTestApplicationTests          : Starting WebTestApplicationTests using Java 20.0.2 with PID 15972 (started by 86135 in E:\idea_project\web作业\web-test)
2024-04-22T21:57:22.385+08:00  INFO 15972 --- [spring-mybatis] [           main] webtest.WebTestApplicationTests          : No active profile set, falling back to 1 default profile: "default"
2024-04-22T21:57:23.957+08:00  INFO 15972 --- [spring-mybatis] [           main] webtest.WebTestApplicationTests          : Started WebTestApplicationTests in 1.856 seconds (process running for 2.811)
]]></system-out>
  </testcase>
</testsuite>